<?xml version="1.0" encoding="UTF-8"?>
<Site BuildName="Linux-c++"
	BuildStamp="20240719-0421-Experimental"
	Name="X540LJ"
	Generator="ctest-3.25.1"
	CompilerName="/usr/bin/c++"
	CompilerVersion="9.4.0"
	OSName="Linux"
	Hostname="X540LJ"
	OSRelease="5.15.0-113-generic"
	OSVersion="#123~20.04.1-Ubuntu SMP Wed Jun 12 17:33:13 UTC 2024"
	OSPlatform="x86_64"
	Is64Bits="1"
	VendorString="GenuineIntel"
	VendorID="Intel Corporation"
	FamilyID="6"
	ModelID="61"
	ProcessorCacheSize="3072"
	NumberOfLogicalCPU="4"
	NumberOfPhysicalCPU="2"
	TotalVirtualMemory="2047"
	TotalPhysicalMemory="7838"
	LogicalProcessorsPerPhysical="2"
	ProcessorClockFrequency="1895.72"
	>
	<Testing>
		<StartDateTime>Jul 19 00:22 -04</StartDateTime>
		<StartTestTime>1721362924</StartTestTime>
		<TestList/>
		<EndDateTime>Jul 19 00:22 -04</EndDateTime>
		<EndTestTime>1721362924</EndTestTime>
		<ElapsedMinutes>0</ElapsedMinutes>
	</Testing>
</Site>
